build/app/intermediates/manifest_merge_blame_file/release/manifest-merger-blame-release-report.txt
1<?xml version="1.0" encoding="utf-8"?>
2<manifest xmlns:android="http://schemas.android.com/apk/res/android"
3    package="com.glartek.flutter_unity_samuel_martins"
4    android:versionCode="1"
5    android:versionName="1.0" >
6
7    <uses-sdk
8        android:minSdkVersion="19"
8-->src\main\AndroidManifest.xml
9        android:targetSdkVersion="28" />
9-->src\main\AndroidManifest.xml
10    <!--
11         io.flutter.app.FlutterApplication is an android.app.Application that
12         calls FlutterMain.startInitialization(this); in its onCreate method.
13         In most cases you can leave this as-is, but you if you want to provide
14         additional functionality it is fine to subclass or reimplement
15         FlutterApplication and put your custom class here.
16    -->
17    <uses-permission android:name="android.permission.WAKE_LOCK" />
17-->src\main\AndroidManifest.xml:8:5-67
17-->src\main\AndroidManifest.xml:8:22-65
18
19    <uses-feature android:glEsVersion="0x00030000" />
19-->[:unityExport] AndroidManifest.xml:13:5-54
19-->[:unityExport] AndroidManifest.xml:13:19-51
20
21    <uses-permission android:name="android.permission.INTERNET" />
21-->[:unityExport] AndroidManifest.xml:15:5-67
21-->[:unityExport] AndroidManifest.xml:15:22-64
22
23    <uses-feature
23-->[:unityExport] AndroidManifest.xml:17:5-19:36
24        android:name="android.hardware.touchscreen"
24-->[:unityExport] AndroidManifest.xml:18:9-52
25        android:required="false" />
25-->[:unityExport] AndroidManifest.xml:19:9-33
26    <uses-feature
26-->[:unityExport] AndroidManifest.xml:20:5-22:36
27        android:name="android.hardware.touchscreen.multitouch"
27-->[:unityExport] AndroidManifest.xml:21:9-63
28        android:required="false" />
28-->[:unityExport] AndroidManifest.xml:22:9-33
29    <uses-feature
29-->[:unityExport] AndroidManifest.xml:23:5-25:36
30        android:name="android.hardware.touchscreen.multitouch.distinct"
30-->[:unityExport] AndroidManifest.xml:24:9-72
31        android:required="false" />
31-->[:unityExport] AndroidManifest.xml:25:9-33
32
33    <application
33-->src\main\AndroidManifest.xml:9:5-30:19
34        android:name="io.flutter.app.FlutterApplication"
34-->src\main\AndroidManifest.xml:10:9-57
35        android:appComponentFactory="androidx.core.app.CoreComponentFactory"
35-->[androidx.core:core:1.1.0] AndroidManifest.xml:24:18-86
36        android:icon="@mipmap/ic_launcher"
36-->src\main\AndroidManifest.xml:12:9-43
37        android:label="flutter_unity_example" >
37-->src\main\AndroidManifest.xml:11:9-46
38        <activity
38-->src\main\AndroidManifest.xml:13:9-24:20
39            android:name="com.glartek.flutter_unity_example.MainActivity"
39-->src\main\AndroidManifest.xml:14:13-41
40            android:configChanges="orientation|keyboardHidden|keyboard|screenSize|smallestScreenSize|locale|layoutDirection|fontScale|screenLayout|density|uiMode"
40-->src\main\AndroidManifest.xml:17:13-163
41            android:hardwareAccelerated="true"
41-->src\main\AndroidManifest.xml:18:13-47
42            android:launchMode="singleTop"
42-->src\main\AndroidManifest.xml:15:13-43
43            android:theme="@style/LaunchTheme"
43-->src\main\AndroidManifest.xml:16:13-47
44            android:windowSoftInputMode="adjustResize" >
44-->src\main\AndroidManifest.xml:19:13-55
45            <intent-filter>
45-->src\main\AndroidManifest.xml:20:13-23:29
46                <action android:name="android.intent.action.MAIN" />
46-->src\main\AndroidManifest.xml:21:17-68
46-->src\main\AndroidManifest.xml:21:25-66
47
48                <category android:name="android.intent.category.LAUNCHER" />
48-->src\main\AndroidManifest.xml:22:17-76
48-->src\main\AndroidManifest.xml:22:27-74
49            </intent-filter>
50        </activity>
51        <!--
52             Don't delete the meta-data below.
53             This is used by the Flutter tool to generate GeneratedPluginRegistrant.java
54        -->
55        <meta-data
55-->src\main\AndroidManifest.xml:27:9-29:33
56            android:name="flutterEmbedding"
56-->src\main\AndroidManifest.xml:28:13-44
57            android:value="2" />
57-->src\main\AndroidManifest.xml:29:13-30
58        <meta-data
58-->[:unityExport] AndroidManifest.xml:28:9-30:33
59            android:name="unity.splash-mode"
59-->[:unityExport] AndroidManifest.xml:29:13-45
60            android:value="0" />
60-->[:unityExport] AndroidManifest.xml:30:13-30
61        <meta-data
61-->[:unityExport] AndroidManifest.xml:31:9-33:36
62            android:name="unity.splash-enable"
62-->[:unityExport] AndroidManifest.xml:32:13-47
63            android:value="True" />
63-->[:unityExport] AndroidManifest.xml:33:13-33
64        <meta-data
64-->[:unityExport] AndroidManifest.xml:34:9-36:50
65            android:name="notch.config"
65-->[:unityExport] AndroidManifest.xml:35:13-40
66            android:value="portrait|landscape" />
66-->[:unityExport] AndroidManifest.xml:36:13-47
67        <meta-data
67-->[:unityExport] AndroidManifest.xml:37:9-39:68
68            android:name="unity.build-id"
68-->[:unityExport] AndroidManifest.xml:38:13-42
69            android:value="efdb99ff-f0a7-4a7d-9c91-6e2f60453412" />
69-->[:unityExport] AndroidManifest.xml:39:13-65
70    </application>
71
72</manifest>